<?xml version="1.0" encoding="UTF-8"?>
<testng-results skipped="0" failed="0" total="1" passed="1">
  <reporter-output>
  </reporter-output>
  <suite name="Default suite" duration-ms="42" started-at="2014-04-12T21:22:04Z" finished-at="2014-04-12T21:22:04Z">
    <groups>
    </groups>
    <test name="Default test" duration-ms="42" started-at="2014-04-12T21:22:04Z" finished-at="2014-04-12T21:22:04Z">
      <class name="test.test.NewTest">
        <test-method status="PASS" signature="f()[pri:0, instance:test.test.NewTest@5262a98a]" name="f" duration-ms="21" started-at="2014-04-12T14:22:04Z" finished-at="2014-04-12T14:22:04Z">
          <reporter-output>
          </reporter-output>
        </test-method> <!-- f -->
      </class> <!-- test.test.NewTest -->
    </test> <!-- Default test -->
  </suite> <!-- Default suite -->
</testng-results>
